2022/01/18 14:28:28 [error] [exception.CHttpException.404] CHttpException: Unable to resolve the request "gii". in C:\xampp\htdocs\crud_project\framework\web\CWebApplication.php:286
Stack trace:
#0 C:\xampp\htdocs\crud_project\framework\web\CWebApplication.php(141): CWebApplication->runController('gii')
#1 C:\xampp\htdocs\crud_project\framework\base\CApplication.php(185): CWebApplication->processRequest()
#2 C:\xampp\htdocs\crud_project\index.php(13): CApplication->run()
#3 {main}
REQUEST_URI=/crud_project/index.php?r=gii
---
2022/01/18 15:06:59 [error] [php] include(Dropdown.php): failed to open stream: No such file or directory (C:\xampp\htdocs\crud_project\framework\YiiBase.php:463)
Stack trace:
#0 C:\xampp\htdocs\crud_project\framework\YiiBase.php(463): include()
#1 unknown(0): autoload()
#2 C:\xampp\htdocs\crud_project\protected\views\routerMaster\_search.php(54): spl_autoload_call()
#3 C:\xampp\htdocs\crud_project\framework\web\CBaseController.php(126): require()
#4 C:\xampp\htdocs\crud_project\framework\web\CBaseController.php(95): RouterMasterController->renderInternal()
#5 C:\xampp\htdocs\crud_project\framework\web\CController.php(872): RouterMasterController->renderFile()
#6 C:\xampp\htdocs\crud_project\protected\views\routerMaster\admin.php(39): RouterMasterController->renderPartial()
#7 C:\xampp\htdocs\crud_project\framework\web\CBaseController.php(126): require()
#8 C:\xampp\htdocs\crud_project\framework\web\CBaseController.php(95): RouterMasterController->renderInternal()
#9 C:\xampp\htdocs\crud_project\framework\web\CController.php(872): RouterMasterController->renderFile()
#10 C:\xampp\htdocs\crud_project\framework\web\CController.php(785): RouterMasterController->renderPartial()
#11 C:\xampp\htdocs\crud_project\protected\controllers\RouterMasterController.php(142): RouterMasterController->render()
#12 C:\xampp\htdocs\crud_project\framework\web\actions\CInlineAction.php(49): RouterMasterController->actionAdmin()
#13 C:\xampp\htdocs\crud_project\framework\web\CController.php(308): CInlineAction->runWithParams()
#14 C:\xampp\htdocs\crud_project\framework\web\filters\CFilterChain.php(134): RouterMasterController->runAction()
#15 C:\xampp\htdocs\crud_project\framework\web\filters\CFilter.php(40): CFilterChain->run()
#16 C:\xampp\htdocs\crud_project\framework\web\CController.php(1148): CAccessControlFilter->filter()
#17 C:\xampp\htdocs\crud_project\framework\web\filters\CInlineFilter.php(58): RouterMasterController->filterAccessControl()
#18 C:\xampp\htdocs\crud_project\framework\web\filters\CFilterChain.php(131): CInlineFilter->filter()
#19 C:\xampp\htdocs\crud_project\framework\web\CController.php(291): CFilterChain->run()
#20 C:\xampp\htdocs\crud_project\framework\web\CController.php(265): RouterMasterController->runActionWithFilters()
#21 C:\xampp\htdocs\crud_project\framework\web\CWebApplication.php(282): RouterMasterController->run()
#22 C:\xampp\htdocs\crud_project\framework\web\CWebApplication.php(141): CWebApplication->runController()
#23 C:\xampp\htdocs\crud_project\framework\base\CApplication.php(185): CWebApplication->processRequest()
#24 C:\xampp\htdocs\crud_project\index.php(13): CWebApplication->run()
REQUEST_URI=/crud_project/index.php?r=routerMaster/admin
in C:\xampp\htdocs\crud_project\protected\views\routerMaster\_search.php (54)
in C:\xampp\htdocs\crud_project\protected\views\routerMaster\admin.php (39)
in C:\xampp\htdocs\crud_project\protected\controllers\RouterMasterController.php (142)
2022/01/18 15:07:55 [error] [exception.ParseError] ParseError: syntax error, unexpected 'Dropdown' (T_STRING), expecting ',' or ';' in C:\xampp\htdocs\crud_project\protected\views\routerMaster\_search.php:54
Stack trace:
#0 C:\xampp\htdocs\crud_project\framework\web\CBaseController.php(95): CBaseController->renderInternal('C:\\xampp\\htdocs...', Array, true)
#1 C:\xampp\htdocs\crud_project\framework\web\CController.php(872): CBaseController->renderFile('C:\\xampp\\htdocs...', Array, true)
#2 C:\xampp\htdocs\crud_project\protected\views\routerMaster\admin.php(39): CController->renderPartial('_search', Array)
#3 C:\xampp\htdocs\crud_project\framework\web\CBaseController.php(126): require('C:\\xampp\\htdocs...')
#4 C:\xampp\htdocs\crud_project\framework\web\CBaseController.php(95): CBaseController->renderInternal('C:\\xampp\\htdocs...', Array, true)
#5 C:\xampp\htdocs\crud_project\framework\web\CController.php(872): CBaseController->renderFile('C:\\xampp\\htdocs...', Array, true)
#6 C:\xampp\htdocs\crud_project\framework\web\CController.php(785): CController->renderPartial('admin', Array, true)
#7 C:\xampp\htdocs\crud_project\protected\controllers\RouterMasterController.php(142): CController->render('admin', Array)
#8 C:\xampp\htdocs\crud_project\framework\web\actions\CInlineAction.php(49): RouterMasterController->actionAdmin()
#9 C:\xampp\htdocs\crud_project\framework\web\CController.php(308): CInlineAction->runWithParams(Array)
#10 C:\xampp\htdocs\crud_project\framework\web\filters\CFilterChain.php(134): CController->runAction(Object(CInlineAction))
#11 C:\xampp\htdocs\crud_project\framework\web\filters\CFilter.php(40): CFilterChain->run()
#12 C:\xampp\htdocs\crud_project\framework\web\CController.php(1148): CFilter->filter(Object(CFilterChain))
#13 C:\xampp\htdocs\crud_project\framework\web\filters\CInlineFilter.php(58): CController->filterAccessControl(Object(CFilterChain))
#14 C:\xampp\htdocs\crud_project\framework\web\filters\CFilterChain.php(131): CInlineFilter->filter(Object(CFilterChain))
#15 C:\xampp\htdocs\crud_project\framework\web\CController.php(291): CFilterChain->run()
#16 C:\xampp\htdocs\crud_project\framework\web\CController.php(265): CController->runActionWithFilters(Object(CInlineAction), Array)
#17 C:\xampp\htdocs\crud_project\framework\web\CWebApplication.php(282): CController->run('admin')
#18 C:\xampp\htdocs\crud_project\framework\web\CWebApplication.php(141): CWebApplication->runController('routerMaster/ad...')
#19 C:\xampp\htdocs\crud_project\framework\base\CApplication.php(185): CWebApplication->processRequest()
#20 C:\xampp\htdocs\crud_project\index.php(13): CApplication->run()
#21 {main}
REQUEST_URI=/crud_project/index.php?r=routerMaster/admin
HTTP_REFERER=http://localhost/crud_project/index.php?r=routerMaster/create
---
2022/01/18 15:08:04 [error] [exception.Error] Error: Class 'yii\bootstrap\Dropdown' not found in C:\xampp\htdocs\crud_project\protected\views\routerMaster\_search.php:54
Stack trace:
#0 C:\xampp\htdocs\crud_project\framework\web\CBaseController.php(126): require()
#1 C:\xampp\htdocs\crud_project\framework\web\CBaseController.php(95): CBaseController->renderInternal('C:\\xampp\\htdocs...', Array, true)
#2 C:\xampp\htdocs\crud_project\framework\web\CController.php(872): CBaseController->renderFile('C:\\xampp\\htdocs...', Array, true)
#3 C:\xampp\htdocs\crud_project\protected\views\routerMaster\admin.php(39): CController->renderPartial('_search', Array)
#4 C:\xampp\htdocs\crud_project\framework\web\CBaseController.php(126): require('C:\\xampp\\htdocs...')
#5 C:\xampp\htdocs\crud_project\framework\web\CBaseController.php(95): CBaseController->renderInternal('C:\\xampp\\htdocs...', Array, true)
#6 C:\xampp\htdocs\crud_project\framework\web\CController.php(872): CBaseController->renderFile('C:\\xampp\\htdocs...', Array, true)
#7 C:\xampp\htdocs\crud_project\framework\web\CController.php(785): CController->renderPartial('admin', Array, true)
#8 C:\xampp\htdocs\crud_project\protected\controllers\RouterMasterController.php(142): CController->render('admin', Array)
#9 C:\xampp\htdocs\crud_project\framework\web\actions\CInlineAction.php(49): RouterMasterController->actionAdmin()
#10 C:\xampp\htdocs\crud_project\framework\web\CController.php(308): CInlineAction->runWithParams(Array)
#11 C:\xampp\htdocs\crud_project\framework\web\filters\CFilterChain.php(134): CController->runAction(Object(CInlineAction))
#12 C:\xampp\htdocs\crud_project\framework\web\filters\CFilter.php(40): CFilterChain->run()
#13 C:\xampp\htdocs\crud_project\framework\web\CController.php(1148): CFilter->filter(Object(CFilterChain))
#14 C:\xampp\htdocs\crud_project\framework\web\filters\CInlineFilter.php(58): CController->filterAccessControl(Object(CFilterChain))
#15 C:\xampp\htdocs\crud_project\framework\web\filters\CFilterChain.php(131): CInlineFilter->filter(Object(CFilterChain))
#16 C:\xampp\htdocs\crud_project\framework\web\CController.php(291): CFilterChain->run()
#17 C:\xampp\htdocs\crud_project\framework\web\CController.php(265): CController->runActionWithFilters(Object(CInlineAction), Array)
#18 C:\xampp\htdocs\crud_project\framework\web\CWebApplication.php(282): CController->run('admin')
#19 C:\xampp\htdocs\crud_project\framework\web\CWebApplication.php(141): CWebApplication->runController('routerMaster/ad...')
#20 C:\xampp\htdocs\crud_project\framework\base\CApplication.php(185): CWebApplication->processRequest()
#21 C:\xampp\htdocs\crud_project\index.php(13): CApplication->run()
#22 {main}
REQUEST_URI=/crud_project/index.php?r=routerMaster/admin
HTTP_REFERER=http://localhost/crud_project/index.php?r=routerMaster/create
---
2022/01/18 15:08:10 [error] [exception.Error] Error: Class 'yii\bootstrap\Dropdown' not found in C:\xampp\htdocs\crud_project\protected\views\routerMaster\_search.php:54
Stack trace:
#0 C:\xampp\htdocs\crud_project\framework\web\CBaseController.php(126): require()
#1 C:\xampp\htdocs\crud_project\framework\web\CBaseController.php(95): CBaseController->renderInternal('C:\\xampp\\htdocs...', Array, true)
#2 C:\xampp\htdocs\crud_project\framework\web\CController.php(872): CBaseController->renderFile('C:\\xampp\\htdocs...', Array, true)
#3 C:\xampp\htdocs\crud_project\protected\views\routerMaster\admin.php(39): CController->renderPartial('_search', Array)
#4 C:\xampp\htdocs\crud_project\framework\web\CBaseController.php(126): require('C:\\xampp\\htdocs...')
#5 C:\xampp\htdocs\crud_project\framework\web\CBaseController.php(95): CBaseController->renderInternal('C:\\xampp\\htdocs...', Array, true)
#6 C:\xampp\htdocs\crud_project\framework\web\CController.php(872): CBaseController->renderFile('C:\\xampp\\htdocs...', Array, true)
#7 C:\xampp\htdocs\crud_project\framework\web\CController.php(785): CController->renderPartial('admin', Array, true)
#8 C:\xampp\htdocs\crud_project\protected\controllers\RouterMasterController.php(142): CController->render('admin', Array)
#9 C:\xampp\htdocs\crud_project\framework\web\actions\CInlineAction.php(49): RouterMasterController->actionAdmin()
#10 C:\xampp\htdocs\crud_project\framework\web\CController.php(308): CInlineAction->runWithParams(Array)
#11 C:\xampp\htdocs\crud_project\framework\web\filters\CFilterChain.php(134): CController->runAction(Object(CInlineAction))
#12 C:\xampp\htdocs\crud_project\framework\web\filters\CFilter.php(40): CFilterChain->run()
#13 C:\xampp\htdocs\crud_project\framework\web\CController.php(1148): CFilter->filter(Object(CFilterChain))
#14 C:\xampp\htdocs\crud_project\framework\web\filters\CInlineFilter.php(58): CController->filterAccessControl(Object(CFilterChain))
#15 C:\xampp\htdocs\crud_project\framework\web\filters\CFilterChain.php(131): CInlineFilter->filter(Object(CFilterChain))
#16 C:\xampp\htdocs\crud_project\framework\web\CController.php(291): CFilterChain->run()
#17 C:\xampp\htdocs\crud_project\framework\web\CController.php(265): CController->runActionWithFilters(Object(CInlineAction), Array)
#18 C:\xampp\htdocs\crud_project\framework\web\CWebApplication.php(282): CController->run('admin')
#19 C:\xampp\htdocs\crud_project\framework\web\CWebApplication.php(141): CWebApplication->runController('routerMaster/ad...')
#20 C:\xampp\htdocs\crud_project\framework\base\CApplication.php(185): CWebApplication->processRequest()
#21 C:\xampp\htdocs\crud_project\index.php(13): CApplication->run()
#22 {main}
REQUEST_URI=/crud_project/index.php?r=routerMaster/admin
HTTP_REFERER=http://localhost/crud_project/index.php?r=routerMaster/create
---
2022/01/18 15:12:13 [error] [exception.CException] CException: Property "RouterMaster.type" is not defined. in C:\xampp\htdocs\crud_project\framework\base\CComponent.php:130
Stack trace:
#0 C:\xampp\htdocs\crud_project\framework\db\ar\CActiveRecord.php(145): CComponent->__get('type')
#1 C:\xampp\htdocs\crud_project\framework\web\helpers\CHtml.php(2784): CActiveRecord->__get('type')
#2 C:\xampp\htdocs\crud_project\framework\web\helpers\CHtml.php(2507): CHtml::resolveValue(Object(RouterMaster), 'type')
#3 C:\xampp\htdocs\crud_project\framework\web\helpers\CHtml.php(1554): CHtml::activeInputField('text', Object(RouterMaster), 'type', Array)
#4 C:\xampp\htdocs\crud_project\framework\web\widgets\CActiveForm.php(793): CHtml::activeTextField(Object(RouterMaster), 'type', Array)
#5 C:\xampp\htdocs\crud_project\protected\views\routerMaster\_search.php(17): CActiveForm->textField(Object(RouterMaster), 'type', Array)
#6 C:\xampp\htdocs\crud_project\framework\web\CBaseController.php(126): require('C:\\xampp\\htdocs...')
#7 C:\xampp\htdocs\crud_project\framework\web\CBaseController.php(95): CBaseController->renderInternal('C:\\xampp\\htdocs...', Array, true)
#8 C:\xampp\htdocs\crud_project\framework\web\CController.php(872): CBaseController->renderFile('C:\\xampp\\htdocs...', Array, true)
#9 C:\xampp\htdocs\crud_project\protected\views\routerMaster\admin.php(39): CController->renderPartial('_search', Array)
#10 C:\xampp\htdocs\crud_project\framework\web\CBaseController.php(126): require('C:\\xampp\\htdocs...')
#11 C:\xampp\htdocs\crud_project\framework\web\CBaseController.php(95): CBaseController->renderInternal('C:\\xampp\\htdocs...', Array, true)
#12 C:\xampp\htdocs\crud_project\framework\web\CController.php(872): CBaseController->renderFile('C:\\xampp\\htdocs...', Array, true)
#13 C:\xampp\htdocs\crud_project\framework\web\CController.php(785): CController->renderPartial('admin', Array, true)
#14 C:\xampp\htdocs\crud_project\protected\controllers\RouterMasterController.php(142): CController->render('admin', Array)
#15 C:\xampp\htdocs\crud_project\framework\web\actions\CInlineAction.php(49): RouterMasterController->actionAdmin()
#16 C:\xampp\htdocs\crud_project\framework\web\CController.php(308): CInlineAction->runWithParams(Array)
#17 C:\xampp\htdocs\crud_project\framework\web\filters\CFilterChain.php(134): CController->runAction(Object(CInlineAction))
#18 C:\xampp\htdocs\crud_project\framework\web\filters\CFilter.php(40): CFilterChain->run()
#19 C:\xampp\htdocs\crud_project\framework\web\CController.php(1148): CFilter->filter(Object(CFilterChain))
#20 C:\xampp\htdocs\crud_project\framework\web\filters\CInlineFilter.php(58): CController->filterAccessControl(Object(CFilterChain))
#21 C:\xampp\htdocs\crud_project\framework\web\filters\CFilterChain.php(131): CInlineFilter->filter(Object(CFilterChain))
#22 C:\xampp\htdocs\crud_project\framework\web\CController.php(291): CFilterChain->run()
#23 C:\xampp\htdocs\crud_project\framework\web\CController.php(265): CController->runActionWithFilters(Object(CInlineAction), Array)
#24 C:\xampp\htdocs\crud_project\framework\web\CWebApplication.php(282): CController->run('admin')
#25 C:\xampp\htdocs\crud_project\framework\web\CWebApplication.php(141): CWebApplication->runController('routerMaster/ad...')
#26 C:\xampp\htdocs\crud_project\framework\base\CApplication.php(185): CWebApplication->processRequest()
#27 C:\xampp\htdocs\crud_project\index.php(13): CApplication->run()
#28 {main}
REQUEST_URI=/crud_project/index.php?r=routerMaster/admin
HTTP_REFERER=http://localhost/crud_project/index.php?r=routerMaster/create
---
2022/01/18 15:12:55 [error] [exception.CException] CException: Property "RouterMaster.type" is not defined. in C:\xampp\htdocs\crud_project\framework\base\CComponent.php:130
Stack trace:
#0 C:\xampp\htdocs\crud_project\framework\db\ar\CActiveRecord.php(145): CComponent->__get('type')
#1 C:\xampp\htdocs\crud_project\protected\models\RouterMaster.php(96): CActiveRecord->__get('type')
#2 C:\xampp\htdocs\crud_project\protected\views\routerMaster\admin.php(45): RouterMaster->search()
#3 C:\xampp\htdocs\crud_project\framework\web\CBaseController.php(126): require('C:\\xampp\\htdocs...')
#4 C:\xampp\htdocs\crud_project\framework\web\CBaseController.php(95): CBaseController->renderInternal('C:\\xampp\\htdocs...', Array, true)
#5 C:\xampp\htdocs\crud_project\framework\web\CController.php(872): CBaseController->renderFile('C:\\xampp\\htdocs...', Array, true)
#6 C:\xampp\htdocs\crud_project\framework\web\CController.php(785): CController->renderPartial('admin', Array, true)
#7 C:\xampp\htdocs\crud_project\protected\controllers\RouterMasterController.php(142): CController->render('admin', Array)
#8 C:\xampp\htdocs\crud_project\framework\web\actions\CInlineAction.php(49): RouterMasterController->actionAdmin()
#9 C:\xampp\htdocs\crud_project\framework\web\CController.php(308): CInlineAction->runWithParams(Array)
#10 C:\xampp\htdocs\crud_project\framework\web\filters\CFilterChain.php(134): CController->runAction(Object(CInlineAction))
#11 C:\xampp\htdocs\crud_project\framework\web\filters\CFilter.php(40): CFilterChain->run()
#12 C:\xampp\htdocs\crud_project\framework\web\CController.php(1148): CFilter->filter(Object(CFilterChain))
#13 C:\xampp\htdocs\crud_project\framework\web\filters\CInlineFilter.php(58): CController->filterAccessControl(Object(CFilterChain))
#14 C:\xampp\htdocs\crud_project\framework\web\filters\CFilterChain.php(131): CInlineFilter->filter(Object(CFilterChain))
#15 C:\xampp\htdocs\crud_project\framework\web\CController.php(291): CFilterChain->run()
#16 C:\xampp\htdocs\crud_project\framework\web\CController.php(265): CController->runActionWithFilters(Object(CInlineAction), Array)
#17 C:\xampp\htdocs\crud_project\framework\web\CWebApplication.php(282): CController->run('admin')
#18 C:\xampp\htdocs\crud_project\framework\web\CWebApplication.php(141): CWebApplication->runController('routerMaster/ad...')
#19 C:\xampp\htdocs\crud_project\framework\base\CApplication.php(185): CWebApplication->processRequest()
#20 C:\xampp\htdocs\crud_project\index.php(13): CApplication->run()
#21 {main}
REQUEST_URI=/crud_project/index.php?r=routerMaster/admin
HTTP_REFERER=http://localhost/crud_project/index.php?r=routerMaster/create
---
2022/01/18 15:16:28 [error] [exception.CException] CException: Property "RouterMaster.type" is not defined. in C:\xampp\htdocs\crud_project\framework\base\CComponent.php:130
Stack trace:
#0 C:\xampp\htdocs\crud_project\framework\db\ar\CActiveRecord.php(145): CComponent->__get('type')
#1 C:\xampp\htdocs\crud_project\framework\validators\CStringValidator.php(79): CActiveRecord->__get('type')
#2 C:\xampp\htdocs\crud_project\framework\validators\CValidator.php(201): CStringValidator->validateAttribute(Object(RouterMaster), 'type')
#3 C:\xampp\htdocs\crud_project\framework\base\CModel.php(159): CValidator->validate(Object(RouterMaster), Array)
#4 C:\xampp\htdocs\crud_project\framework\db\ar\CActiveRecord.php(810): CModel->validate(NULL)
#5 C:\xampp\htdocs\crud_project\protected\controllers\RouterMasterController.php(73): CActiveRecord->save()
#6 C:\xampp\htdocs\crud_project\framework\web\actions\CInlineAction.php(49): RouterMasterController->actionCreate()
#7 C:\xampp\htdocs\crud_project\framework\web\CController.php(308): CInlineAction->runWithParams(Array)
#8 C:\xampp\htdocs\crud_project\framework\web\filters\CFilterChain.php(134): CController->runAction(Object(CInlineAction))
#9 C:\xampp\htdocs\crud_project\framework\web\filters\CFilter.php(40): CFilterChain->run()
#10 C:\xampp\htdocs\crud_project\framework\web\CController.php(1148): CFilter->filter(Object(CFilterChain))
#11 C:\xampp\htdocs\crud_project\framework\web\filters\CInlineFilter.php(58): CController->filterAccessControl(Object(CFilterChain))
#12 C:\xampp\htdocs\crud_project\framework\web\filters\CFilterChain.php(131): CInlineFilter->filter(Object(CFilterChain))
#13 C:\xampp\htdocs\crud_project\framework\web\CController.php(291): CFilterChain->run()
#14 C:\xampp\htdocs\crud_project\framework\web\CController.php(265): CController->runActionWithFilters(Object(CInlineAction), Array)
#15 C:\xampp\htdocs\crud_project\framework\web\CWebApplication.php(282): CController->run('create')
#16 C:\xampp\htdocs\crud_project\framework\web\CWebApplication.php(141): CWebApplication->runController('routerMaster/cr...')
#17 C:\xampp\htdocs\crud_project\framework\base\CApplication.php(185): CWebApplication->processRequest()
#18 C:\xampp\htdocs\crud_project\index.php(13): CApplication->run()
#19 {main}
REQUEST_URI=/crud_project/index.php?r=routerMaster/create
HTTP_REFERER=http://localhost/crud_project/index.php?r=routerMaster/create
---
2022/01/18 15:17:49 [error] [exception.CException] CException: Property "RouterMaster.type" is not defined. in C:\xampp\htdocs\crud_project\framework\base\CComponent.php:130
Stack trace:
#0 C:\xampp\htdocs\crud_project\framework\db\ar\CActiveRecord.php(145): CComponent->__get('type')
#1 C:\xampp\htdocs\crud_project\framework\validators\CStringValidator.php(79): CActiveRecord->__get('type')
#2 C:\xampp\htdocs\crud_project\framework\validators\CValidator.php(201): CStringValidator->validateAttribute(Object(RouterMaster), 'type')
#3 C:\xampp\htdocs\crud_project\framework\base\CModel.php(159): CValidator->validate(Object(RouterMaster), Array)
#4 C:\xampp\htdocs\crud_project\framework\db\ar\CActiveRecord.php(810): CModel->validate(NULL)
#5 C:\xampp\htdocs\crud_project\protected\controllers\RouterMasterController.php(74): CActiveRecord->save()
#6 C:\xampp\htdocs\crud_project\framework\web\actions\CInlineAction.php(49): RouterMasterController->actionCreate()
#7 C:\xampp\htdocs\crud_project\framework\web\CController.php(308): CInlineAction->runWithParams(Array)
#8 C:\xampp\htdocs\crud_project\framework\web\filters\CFilterChain.php(134): CController->runAction(Object(CInlineAction))
#9 C:\xampp\htdocs\crud_project\framework\web\filters\CFilter.php(40): CFilterChain->run()
#10 C:\xampp\htdocs\crud_project\framework\web\CController.php(1148): CFilter->filter(Object(CFilterChain))
#11 C:\xampp\htdocs\crud_project\framework\web\filters\CInlineFilter.php(58): CController->filterAccessControl(Object(CFilterChain))
#12 C:\xampp\htdocs\crud_project\framework\web\filters\CFilterChain.php(131): CInlineFilter->filter(Object(CFilterChain))
#13 C:\xampp\htdocs\crud_project\framework\web\CController.php(291): CFilterChain->run()
#14 C:\xampp\htdocs\crud_project\framework\web\CController.php(265): CController->runActionWithFilters(Object(CInlineAction), Array)
#15 C:\xampp\htdocs\crud_project\framework\web\CWebApplication.php(282): CController->run('create')
#16 C:\xampp\htdocs\crud_project\framework\web\CWebApplication.php(141): CWebApplication->runController('routerMaster/cr...')
#17 C:\xampp\htdocs\crud_project\framework\base\CApplication.php(185): CWebApplication->processRequest()
#18 C:\xampp\htdocs\crud_project\index.php(13): CApplication->run()
#19 {main}
REQUEST_URI=/crud_project/index.php?r=routerMaster/create
HTTP_REFERER=http://localhost/crud_project/index.php?r=routerMaster/create
---
2022/01/18 15:18:34 [error] [exception.CException] CException: Property "RouterMaster.type" is not defined. in C:\xampp\htdocs\crud_project\framework\base\CComponent.php:130
Stack trace:
#0 C:\xampp\htdocs\crud_project\framework\db\ar\CActiveRecord.php(145): CComponent->__get('type')
#1 C:\xampp\htdocs\crud_project\framework\validators\CStringValidator.php(79): CActiveRecord->__get('type')
#2 C:\xampp\htdocs\crud_project\framework\validators\CValidator.php(201): CStringValidator->validateAttribute(Object(RouterMaster), 'type')
#3 C:\xampp\htdocs\crud_project\framework\base\CModel.php(159): CValidator->validate(Object(RouterMaster), Array)
#4 C:\xampp\htdocs\crud_project\framework\db\ar\CActiveRecord.php(810): CModel->validate(NULL)
#5 C:\xampp\htdocs\crud_project\protected\controllers\RouterMasterController.php(74): CActiveRecord->save()
#6 C:\xampp\htdocs\crud_project\framework\web\actions\CInlineAction.php(49): RouterMasterController->actionCreate()
#7 C:\xampp\htdocs\crud_project\framework\web\CController.php(308): CInlineAction->runWithParams(Array)
#8 C:\xampp\htdocs\crud_project\framework\web\filters\CFilterChain.php(134): CController->runAction(Object(CInlineAction))
#9 C:\xampp\htdocs\crud_project\framework\web\filters\CFilter.php(40): CFilterChain->run()
#10 C:\xampp\htdocs\crud_project\framework\web\CController.php(1148): CFilter->filter(Object(CFilterChain))
#11 C:\xampp\htdocs\crud_project\framework\web\filters\CInlineFilter.php(58): CController->filterAccessControl(Object(CFilterChain))
#12 C:\xampp\htdocs\crud_project\framework\web\filters\CFilterChain.php(131): CInlineFilter->filter(Object(CFilterChain))
#13 C:\xampp\htdocs\crud_project\framework\web\CController.php(291): CFilterChain->run()
#14 C:\xampp\htdocs\crud_project\framework\web\CController.php(265): CController->runActionWithFilters(Object(CInlineAction), Array)
#15 C:\xampp\htdocs\crud_project\framework\web\CWebApplication.php(282): CController->run('create')
#16 C:\xampp\htdocs\crud_project\framework\web\CWebApplication.php(141): CWebApplication->runController('routerMaster/cr...')
#17 C:\xampp\htdocs\crud_project\framework\base\CApplication.php(185): CWebApplication->processRequest()
#18 C:\xampp\htdocs\crud_project\index.php(13): CApplication->run()
#19 {main}
REQUEST_URI=/crud_project/index.php?r=routerMaster/create
HTTP_REFERER=http://localhost/crud_project/index.php?r=routerMaster/create
---
2022/01/18 15:27:30 [error] [exception.CException] CException: Property "RouterMasterController.isNewRecord" is not defined. in C:\xampp\htdocs\crud_project\framework\base\CComponent.php:130
Stack trace:
#0 C:\xampp\htdocs\crud_project\protected\controllers\RouterMasterController.php(74): CComponent->__get('isNewRecord')
#1 C:\xampp\htdocs\crud_project\framework\web\actions\CInlineAction.php(49): RouterMasterController->actionCreate()
#2 C:\xampp\htdocs\crud_project\framework\web\CController.php(308): CInlineAction->runWithParams(Array)
#3 C:\xampp\htdocs\crud_project\framework\web\filters\CFilterChain.php(134): CController->runAction(Object(CInlineAction))
#4 C:\xampp\htdocs\crud_project\framework\web\filters\CFilter.php(40): CFilterChain->run()
#5 C:\xampp\htdocs\crud_project\framework\web\CController.php(1148): CFilter->filter(Object(CFilterChain))
#6 C:\xampp\htdocs\crud_project\framework\web\filters\CInlineFilter.php(58): CController->filterAccessControl(Object(CFilterChain))
#7 C:\xampp\htdocs\crud_project\framework\web\filters\CFilterChain.php(131): CInlineFilter->filter(Object(CFilterChain))
#8 C:\xampp\htdocs\crud_project\framework\web\CController.php(291): CFilterChain->run()
#9 C:\xampp\htdocs\crud_project\framework\web\CController.php(265): CController->runActionWithFilters(Object(CInlineAction), Array)
#10 C:\xampp\htdocs\crud_project\framework\web\CWebApplication.php(282): CController->run('create')
#11 C:\xampp\htdocs\crud_project\framework\web\CWebApplication.php(141): CWebApplication->runController('routerMaster/cr...')
#12 C:\xampp\htdocs\crud_project\framework\base\CApplication.php(185): CWebApplication->processRequest()
#13 C:\xampp\htdocs\crud_project\index.php(13): CApplication->run()
#14 {main}
REQUEST_URI=/crud_project/index.php?r=routerMaster/create
HTTP_REFERER=http://localhost/crud_project/index.php?r=routerMaster/create
---
2022/01/18 15:30:25 [error] [exception.CException] CException: Property "RouterMaster.updated_at" is not defined. in C:\xampp\htdocs\crud_project\framework\base\CComponent.php:173
Stack trace:
#0 C:\xampp\htdocs\crud_project\framework\db\ar\CActiveRecord.php(162): CComponent->__set('updated_at', Object(CDbExpression))
#1 C:\xampp\htdocs\crud_project\framework\validators\CDefaultValueValidator.php(41): CActiveRecord->__set('updated_at', Object(CDbExpression))
#2 C:\xampp\htdocs\crud_project\framework\validators\CValidator.php(201): CDefaultValueValidator->validateAttribute(Object(RouterMaster), 'updated_at')
#3 C:\xampp\htdocs\crud_project\framework\base\CModel.php(159): CValidator->validate(Object(RouterMaster), Array)
#4 C:\xampp\htdocs\crud_project\framework\db\ar\CActiveRecord.php(810): CModel->validate(NULL)
#5 C:\xampp\htdocs\crud_project\protected\controllers\RouterMasterController.php(75): CActiveRecord->save()
#6 C:\xampp\htdocs\crud_project\framework\web\actions\CInlineAction.php(49): RouterMasterController->actionCreate()
#7 C:\xampp\htdocs\crud_project\framework\web\CController.php(308): CInlineAction->runWithParams(Array)
#8 C:\xampp\htdocs\crud_project\framework\web\filters\CFilterChain.php(134): CController->runAction(Object(CInlineAction))
#9 C:\xampp\htdocs\crud_project\framework\web\filters\CFilter.php(40): CFilterChain->run()
#10 C:\xampp\htdocs\crud_project\framework\web\CController.php(1148): CFilter->filter(Object(CFilterChain))
#11 C:\xampp\htdocs\crud_project\framework\web\filters\CInlineFilter.php(58): CController->filterAccessControl(Object(CFilterChain))
#12 C:\xampp\htdocs\crud_project\framework\web\filters\CFilterChain.php(131): CInlineFilter->filter(Object(CFilterChain))
#13 C:\xampp\htdocs\crud_project\framework\web\CController.php(291): CFilterChain->run()
#14 C:\xampp\htdocs\crud_project\framework\web\CController.php(265): CController->runActionWithFilters(Object(CInlineAction), Array)
#15 C:\xampp\htdocs\crud_project\framework\web\CWebApplication.php(282): CController->run('create')
#16 C:\xampp\htdocs\crud_project\framework\web\CWebApplication.php(141): CWebApplication->runController('routerMaster/cr...')
#17 C:\xampp\htdocs\crud_project\framework\base\CApplication.php(185): CWebApplication->processRequest()
#18 C:\xampp\htdocs\crud_project\index.php(13): CApplication->run()
#19 {main}
REQUEST_URI=/crud_project/index.php?r=routerMaster/create
HTTP_REFERER=http://localhost/crud_project/index.php?r=routerMaster/create
---
2022/01/18 16:03:23 [error] [exception.CException] CException: Property "CUniqueValidator.targetAttribute" is not defined. in C:\xampp\htdocs\crud_project\framework\base\CComponent.php:173
Stack trace:
#0 C:\xampp\htdocs\crud_project\framework\validators\CValidator.php(177): CComponent->__set('targetAttribute', Array)
#1 C:\xampp\htdocs\crud_project\framework\base\CModel.php(287): CValidator::createValidator('targetAttribute', Object(RouterMaster), Array, Array)
#2 C:\xampp\htdocs\crud_project\framework\base\CModel.php(260): CModel->createValidators()
#3 C:\xampp\htdocs\crud_project\framework\base\CModel.php(547): CModel->getValidators()
#4 C:\xampp\htdocs\crud_project\framework\base\CModel.php(468): CModel->getSafeAttributeNames()
#5 C:\xampp\htdocs\crud_project\framework\base\CComponent.php(152): CModel->setAttributes(Array)
#6 C:\xampp\htdocs\crud_project\framework\db\ar\CActiveRecord.php(162): CComponent->__set('attributes', Array)
#7 C:\xampp\htdocs\crud_project\protected\controllers\RouterMasterController.php(73): CActiveRecord->__set('attributes', Array)
#8 C:\xampp\htdocs\crud_project\framework\web\actions\CInlineAction.php(49): RouterMasterController->actionCreate()
#9 C:\xampp\htdocs\crud_project\framework\web\CController.php(308): CInlineAction->runWithParams(Array)
#10 C:\xampp\htdocs\crud_project\framework\web\filters\CFilterChain.php(134): CController->runAction(Object(CInlineAction))
#11 C:\xampp\htdocs\crud_project\framework\web\filters\CFilter.php(40): CFilterChain->run()
#12 C:\xampp\htdocs\crud_project\framework\web\CController.php(1148): CFilter->filter(Object(CFilterChain))
#13 C:\xampp\htdocs\crud_project\framework\web\filters\CInlineFilter.php(58): CController->filterAccessControl(Object(CFilterChain))
#14 C:\xampp\htdocs\crud_project\framework\web\filters\CFilterChain.php(131): CInlineFilter->filter(Object(CFilterChain))
#15 C:\xampp\htdocs\crud_project\framework\web\CController.php(291): CFilterChain->run()
#16 C:\xampp\htdocs\crud_project\framework\web\CController.php(265): CController->runActionWithFilters(Object(CInlineAction), Array)
#17 C:\xampp\htdocs\crud_project\framework\web\CWebApplication.php(282): CController->run('create')
#18 C:\xampp\htdocs\crud_project\framework\web\CWebApplication.php(141): CWebApplication->runController('routerMaster/cr...')
#19 C:\xampp\htdocs\crud_project\framework\base\CApplication.php(185): CWebApplication->processRequest()
#20 C:\xampp\htdocs\crud_project\index.php(13): CApplication->run()
#21 {main}
REQUEST_URI=/crud_project/index.php?r=routerMaster/create
HTTP_REFERER=http://localhost/crud_project/index.php?r=routerMaster/create
---
2022/01/18 16:03:34 [error] [exception.CException] CException: Property "CUniqueValidator.targetAttribute" is not defined. in C:\xampp\htdocs\crud_project\framework\base\CComponent.php:173
Stack trace:
#0 C:\xampp\htdocs\crud_project\framework\validators\CValidator.php(177): CComponent->__set('targetAttribute', Array)
#1 C:\xampp\htdocs\crud_project\framework\base\CModel.php(287): CValidator::createValidator('targetAttribute', Object(RouterMaster), Array, Array)
#2 C:\xampp\htdocs\crud_project\framework\base\CModel.php(260): CModel->createValidators()
#3 C:\xampp\htdocs\crud_project\framework\base\CModel.php(547): CModel->getValidators()
#4 C:\xampp\htdocs\crud_project\framework\base\CModel.php(468): CModel->getSafeAttributeNames()
#5 C:\xampp\htdocs\crud_project\framework\base\CComponent.php(152): CModel->setAttributes(Array)
#6 C:\xampp\htdocs\crud_project\framework\db\ar\CActiveRecord.php(162): CComponent->__set('attributes', Array)
#7 C:\xampp\htdocs\crud_project\protected\controllers\RouterMasterController.php(73): CActiveRecord->__set('attributes', Array)
#8 C:\xampp\htdocs\crud_project\framework\web\actions\CInlineAction.php(49): RouterMasterController->actionCreate()
#9 C:\xampp\htdocs\crud_project\framework\web\CController.php(308): CInlineAction->runWithParams(Array)
#10 C:\xampp\htdocs\crud_project\framework\web\filters\CFilterChain.php(134): CController->runAction(Object(CInlineAction))
#11 C:\xampp\htdocs\crud_project\framework\web\filters\CFilter.php(40): CFilterChain->run()
#12 C:\xampp\htdocs\crud_project\framework\web\CController.php(1148): CFilter->filter(Object(CFilterChain))
#13 C:\xampp\htdocs\crud_project\framework\web\filters\CInlineFilter.php(58): CController->filterAccessControl(Object(CFilterChain))
#14 C:\xampp\htdocs\crud_project\framework\web\filters\CFilterChain.php(131): CInlineFilter->filter(Object(CFilterChain))
#15 C:\xampp\htdocs\crud_project\framework\web\CController.php(291): CFilterChain->run()
#16 C:\xampp\htdocs\crud_project\framework\web\CController.php(265): CController->runActionWithFilters(Object(CInlineAction), Array)
#17 C:\xampp\htdocs\crud_project\framework\web\CWebApplication.php(282): CController->run('create')
#18 C:\xampp\htdocs\crud_project\framework\web\CWebApplication.php(141): CWebApplication->runController('routerMaster/cr...')
#19 C:\xampp\htdocs\crud_project\framework\base\CApplication.php(185): CWebApplication->processRequest()
#20 C:\xampp\htdocs\crud_project\index.php(13): CApplication->run()
#21 {main}
REQUEST_URI=/crud_project/index.php?r=routerMaster/create
HTTP_REFERER=http://localhost/crud_project/index.php?r=routerMaster/create
---
2022/01/18 16:04:30 [error] [exception.CException] CException: Property "CUniqueValidator.targetAttribute" is not defined. in C:\xampp\htdocs\crud_project\framework\base\CComponent.php:173
Stack trace:
#0 C:\xampp\htdocs\crud_project\framework\validators\CValidator.php(177): CComponent->__set('targetAttribute', Array)
#1 C:\xampp\htdocs\crud_project\framework\base\CModel.php(287): CValidator::createValidator('targetAttribute', Object(RouterMaster), Array, Array)
#2 C:\xampp\htdocs\crud_project\framework\base\CModel.php(260): CModel->createValidators()
#3 C:\xampp\htdocs\crud_project\framework\base\CModel.php(547): CModel->getValidators()
#4 C:\xampp\htdocs\crud_project\framework\base\CModel.php(468): CModel->getSafeAttributeNames()
#5 C:\xampp\htdocs\crud_project\framework\base\CComponent.php(152): CModel->setAttributes(Array)
#6 C:\xampp\htdocs\crud_project\framework\db\ar\CActiveRecord.php(162): CComponent->__set('attributes', Array)
#7 C:\xampp\htdocs\crud_project\protected\controllers\RouterMasterController.php(73): CActiveRecord->__set('attributes', Array)
#8 C:\xampp\htdocs\crud_project\framework\web\actions\CInlineAction.php(49): RouterMasterController->actionCreate()
#9 C:\xampp\htdocs\crud_project\framework\web\CController.php(308): CInlineAction->runWithParams(Array)
#10 C:\xampp\htdocs\crud_project\framework\web\filters\CFilterChain.php(134): CController->runAction(Object(CInlineAction))
#11 C:\xampp\htdocs\crud_project\framework\web\filters\CFilter.php(40): CFilterChain->run()
#12 C:\xampp\htdocs\crud_project\framework\web\CController.php(1148): CFilter->filter(Object(CFilterChain))
#13 C:\xampp\htdocs\crud_project\framework\web\filters\CInlineFilter.php(58): CController->filterAccessControl(Object(CFilterChain))
#14 C:\xampp\htdocs\crud_project\framework\web\filters\CFilterChain.php(131): CInlineFilter->filter(Object(CFilterChain))
#15 C:\xampp\htdocs\crud_project\framework\web\CController.php(291): CFilterChain->run()
#16 C:\xampp\htdocs\crud_project\framework\web\CController.php(265): CController->runActionWithFilters(Object(CInlineAction), Array)
#17 C:\xampp\htdocs\crud_project\framework\web\CWebApplication.php(282): CController->run('create')
#18 C:\xampp\htdocs\crud_project\framework\web\CWebApplication.php(141): CWebApplication->runController('routerMaster/cr...')
#19 C:\xampp\htdocs\crud_project\framework\base\CApplication.php(185): CWebApplication->processRequest()
#20 C:\xampp\htdocs\crud_project\index.php(13): CApplication->run()
#21 {main}
REQUEST_URI=/crud_project/index.php?r=routerMaster/create
HTTP_REFERER=http://localhost/crud_project/index.php?r=routerMaster/create
---
2022/01/18 16:05:31 [error] [exception.CException] CException: Property "CUniqueValidator.targetAttribute" is not defined. in C:\xampp\htdocs\crud_project\framework\base\CComponent.php:173
Stack trace:
#0 C:\xampp\htdocs\crud_project\framework\validators\CValidator.php(177): CComponent->__set('targetAttribute', Array)
#1 C:\xampp\htdocs\crud_project\framework\base\CModel.php(287): CValidator::createValidator('targetAttribute', Object(RouterMaster), Array, Array)
#2 C:\xampp\htdocs\crud_project\framework\base\CModel.php(260): CModel->createValidators()
#3 C:\xampp\htdocs\crud_project\framework\base\CModel.php(304): CModel->getValidators('sapid')
#4 C:\xampp\htdocs\crud_project\framework\web\helpers\CHtml.php(1534): CModel->isAttributeRequired('sapid')
#5 C:\xampp\htdocs\crud_project\framework\web\widgets\CActiveForm.php(601): CHtml::activeLabelEx(Object(RouterMaster), 'sapid', Array)
#6 C:\xampp\htdocs\crud_project\protected\views\routerMaster\_form.php(25): CActiveForm->labelEx(Object(RouterMaster), 'sapid')
#7 C:\xampp\htdocs\crud_project\framework\web\CBaseController.php(126): require('C:\\xampp\\htdocs...')
#8 C:\xampp\htdocs\crud_project\framework\web\CBaseController.php(95): CBaseController->renderInternal('C:\\xampp\\htdocs...', Array, true)
#9 C:\xampp\htdocs\crud_project\framework\web\CController.php(872): CBaseController->renderFile('C:\\xampp\\htdocs...', Array, true)
#10 C:\xampp\htdocs\crud_project\protected\views\routerMaster\create.php(18): CController->renderPartial('_form', Array)
#11 C:\xampp\htdocs\crud_project\framework\web\CBaseController.php(126): require('C:\\xampp\\htdocs...')
#12 C:\xampp\htdocs\crud_project\framework\web\CBaseController.php(95): CBaseController->renderInternal('C:\\xampp\\htdocs...', Array, true)
#13 C:\xampp\htdocs\crud_project\framework\web\CController.php(872): CBaseController->renderFile('C:\\xampp\\htdocs...', Array, true)
#14 C:\xampp\htdocs\crud_project\framework\web\CController.php(785): CController->renderPartial('create', Array, true)
#15 C:\xampp\htdocs\crud_project\protected\controllers\RouterMasterController.php(83): CController->render('create', Array)
#16 C:\xampp\htdocs\crud_project\framework\web\actions\CInlineAction.php(49): RouterMasterController->actionCreate()
#17 C:\xampp\htdocs\crud_project\framework\web\CController.php(308): CInlineAction->runWithParams(Array)
#18 C:\xampp\htdocs\crud_project\framework\web\filters\CFilterChain.php(134): CController->runAction(Object(CInlineAction))
#19 C:\xampp\htdocs\crud_project\framework\web\filters\CFilter.php(40): CFilterChain->run()
#20 C:\xampp\htdocs\crud_project\framework\web\CController.php(1148): CFilter->filter(Object(CFilterChain))
#21 C:\xampp\htdocs\crud_project\framework\web\filters\CInlineFilter.php(58): CController->filterAccessControl(Object(CFilterChain))
#22 C:\xampp\htdocs\crud_project\framework\web\filters\CFilterChain.php(131): CInlineFilter->filter(Object(CFilterChain))
#23 C:\xampp\htdocs\crud_project\framework\web\CController.php(291): CFilterChain->run()
#24 C:\xampp\htdocs\crud_project\framework\web\CController.php(265): CController->runActionWithFilters(Object(CInlineAction), Array)
#25 C:\xampp\htdocs\crud_project\framework\web\CWebApplication.php(282): CController->run('create')
#26 C:\xampp\htdocs\crud_project\framework\web\CWebApplication.php(141): CWebApplication->runController('routerMaster/cr...')
#27 C:\xampp\htdocs\crud_project\framework\base\CApplication.php(185): CWebApplication->processRequest()
#28 C:\xampp\htdocs\crud_project\index.php(13): CApplication->run()
#29 {main}
REQUEST_URI=/crud_project/index.php?r=routerMaster/create
HTTP_REFERER=http://localhost/crud_project/index.php?r=routerMaster/view&id=9
---
2022/01/18 16:08:02 [error] [php] include(UniqueAttributesValidator.php): failed to open stream: No such file or directory (C:\xampp\htdocs\crud_project\framework\YiiBase.php:463)
Stack trace:
#0 C:\xampp\htdocs\crud_project\framework\YiiBase.php(463): include()
#1 unknown(0): autoload()
#2 unknown(0): spl_autoload_call()
#3 C:\xampp\htdocs\crud_project\framework\YiiBase.php(310): class_exists()
#4 C:\xampp\htdocs\crud_project\framework\validators\CValidator.php(174): import()
#5 C:\xampp\htdocs\crud_project\framework\base\CModel.php(287): createValidator()
#6 C:\xampp\htdocs\crud_project\framework\base\CModel.php(260): RouterMaster->createValidators()
#7 C:\xampp\htdocs\crud_project\framework\base\CModel.php(304): RouterMaster->getValidators()
#8 C:\xampp\htdocs\crud_project\framework\web\helpers\CHtml.php(1534): RouterMaster->isAttributeRequired()
#9 C:\xampp\htdocs\crud_project\framework\web\widgets\CActiveForm.php(601): activeLabelEx()
#10 C:\xampp\htdocs\crud_project\protected\views\routerMaster\_form.php(25): CActiveForm->labelEx()
#11 C:\xampp\htdocs\crud_project\framework\web\CBaseController.php(126): require()
#12 C:\xampp\htdocs\crud_project\framework\web\CBaseController.php(95): RouterMasterController->renderInternal()
#13 C:\xampp\htdocs\crud_project\framework\web\CController.php(872): RouterMasterController->renderFile()
#14 C:\xampp\htdocs\crud_project\protected\views\routerMaster\create.php(18): RouterMasterController->renderPartial()
#15 C:\xampp\htdocs\crud_project\framework\web\CBaseController.php(126): require()
#16 C:\xampp\htdocs\crud_project\framework\web\CBaseController.php(95): RouterMasterController->renderInternal()
#17 C:\xampp\htdocs\crud_project\framework\web\CController.php(872): RouterMasterController->renderFile()
#18 C:\xampp\htdocs\crud_project\framework\web\CController.php(785): RouterMasterController->renderPartial()
#19 C:\xampp\htdocs\crud_project\protected\controllers\RouterMasterController.php(83): RouterMasterController->render()
#20 C:\xampp\htdocs\crud_project\framework\web\actions\CInlineAction.php(49): RouterMasterController->actionCreate()
#21 C:\xampp\htdocs\crud_project\framework\web\CController.php(308): CInlineAction->runWithParams()
#22 C:\xampp\htdocs\crud_project\framework\web\filters\CFilterChain.php(134): RouterMasterController->runAction()
#23 C:\xampp\htdocs\crud_project\framework\web\filters\CFilter.php(40): CFilterChain->run()
#24 C:\xampp\htdocs\crud_project\framework\web\CController.php(1148): CAccessControlFilter->filter()
#25 C:\xampp\htdocs\crud_project\framework\web\filters\CInlineFilter.php(58): RouterMasterController->filterAccessControl()
#26 C:\xampp\htdocs\crud_project\framework\web\filters\CFilterChain.php(131): CInlineFilter->filter()
#27 C:\xampp\htdocs\crud_project\framework\web\CController.php(291): CFilterChain->run()
#28 C:\xampp\htdocs\crud_project\framework\web\CController.php(265): RouterMasterController->runActionWithFilters()
#29 C:\xampp\htdocs\crud_project\framework\web\CWebApplication.php(282): RouterMasterController->run()
#30 C:\xampp\htdocs\crud_project\framework\web\CWebApplication.php(141): CWebApplication->runController()
#31 C:\xampp\htdocs\crud_project\framework\base\CApplication.php(185): CWebApplication->processRequest()
#32 C:\xampp\htdocs\crud_project\index.php(13): CWebApplication->run()
REQUEST_URI=/crud_project/index.php?r=routerMaster/create
in C:\xampp\htdocs\crud_project\protected\views\routerMaster\_form.php (25)
in C:\xampp\htdocs\crud_project\protected\views\routerMaster\create.php (18)
in C:\xampp\htdocs\crud_project\protected\controllers\RouterMasterController.php (83)
2022/01/18 16:10:56 [error] [php] include(UniqueAttributesValidator.php): failed to open stream: No such file or directory (C:\xampp\htdocs\crud_project\framework\YiiBase.php:463)
Stack trace:
#0 C:\xampp\htdocs\crud_project\framework\YiiBase.php(463): include()
#1 unknown(0): autoload()
#2 unknown(0): spl_autoload_call()
#3 C:\xampp\htdocs\crud_project\framework\YiiBase.php(310): class_exists()
#4 C:\xampp\htdocs\crud_project\framework\validators\CValidator.php(174): import()
#5 C:\xampp\htdocs\crud_project\framework\base\CModel.php(287): createValidator()
#6 C:\xampp\htdocs\crud_project\framework\base\CModel.php(260): RouterMaster->createValidators()
#7 C:\xampp\htdocs\crud_project\framework\base\CModel.php(304): RouterMaster->getValidators()
#8 C:\xampp\htdocs\crud_project\framework\web\helpers\CHtml.php(1534): RouterMaster->isAttributeRequired()
#9 C:\xampp\htdocs\crud_project\framework\web\widgets\CActiveForm.php(601): activeLabelEx()
#10 C:\xampp\htdocs\crud_project\protected\views\routerMaster\_form.php(25): CActiveForm->labelEx()
#11 C:\xampp\htdocs\crud_project\framework\web\CBaseController.php(126): require()
#12 C:\xampp\htdocs\crud_project\framework\web\CBaseController.php(95): RouterMasterController->renderInternal()
#13 C:\xampp\htdocs\crud_project\framework\web\CController.php(872): RouterMasterController->renderFile()
#14 C:\xampp\htdocs\crud_project\protected\views\routerMaster\create.php(18): RouterMasterController->renderPartial()
#15 C:\xampp\htdocs\crud_project\framework\web\CBaseController.php(126): require()
#16 C:\xampp\htdocs\crud_project\framework\web\CBaseController.php(95): RouterMasterController->renderInternal()
#17 C:\xampp\htdocs\crud_project\framework\web\CController.php(872): RouterMasterController->renderFile()
#18 C:\xampp\htdocs\crud_project\framework\web\CController.php(785): RouterMasterController->renderPartial()
#19 C:\xampp\htdocs\crud_project\protected\controllers\RouterMasterController.php(83): RouterMasterController->render()
#20 C:\xampp\htdocs\crud_project\framework\web\actions\CInlineAction.php(49): RouterMasterController->actionCreate()
#21 C:\xampp\htdocs\crud_project\framework\web\CController.php(308): CInlineAction->runWithParams()
#22 C:\xampp\htdocs\crud_project\framework\web\filters\CFilterChain.php(134): RouterMasterController->runAction()
#23 C:\xampp\htdocs\crud_project\framework\web\filters\CFilter.php(40): CFilterChain->run()
#24 C:\xampp\htdocs\crud_project\framework\web\CController.php(1148): CAccessControlFilter->filter()
#25 C:\xampp\htdocs\crud_project\framework\web\filters\CInlineFilter.php(58): RouterMasterController->filterAccessControl()
#26 C:\xampp\htdocs\crud_project\framework\web\filters\CFilterChain.php(131): CInlineFilter->filter()
#27 C:\xampp\htdocs\crud_project\framework\web\CController.php(291): CFilterChain->run()
#28 C:\xampp\htdocs\crud_project\framework\web\CController.php(265): RouterMasterController->runActionWithFilters()
#29 C:\xampp\htdocs\crud_project\framework\web\CWebApplication.php(282): RouterMasterController->run()
#30 C:\xampp\htdocs\crud_project\framework\web\CWebApplication.php(141): CWebApplication->runController()
#31 C:\xampp\htdocs\crud_project\framework\base\CApplication.php(185): CWebApplication->processRequest()
#32 C:\xampp\htdocs\crud_project\index.php(13): CWebApplication->run()
REQUEST_URI=/crud_project/index.php?r=routerMaster/create
in C:\xampp\htdocs\crud_project\protected\views\routerMaster\_form.php (25)
in C:\xampp\htdocs\crud_project\protected\views\routerMaster\create.php (18)
in C:\xampp\htdocs\crud_project\protected\controllers\RouterMasterController.php (83)
2022/01/18 16:14:02 [error] [php] include(UniqueAttributesValidator.php): failed to open stream: No such file or directory (C:\xampp\htdocs\crud_project\framework\YiiBase.php:463)
Stack trace:
#0 C:\xampp\htdocs\crud_project\framework\YiiBase.php(463): include()
#1 unknown(0): autoload()
#2 unknown(0): spl_autoload_call()
#3 C:\xampp\htdocs\crud_project\framework\YiiBase.php(310): class_exists()
#4 C:\xampp\htdocs\crud_project\framework\validators\CValidator.php(174): import()
#5 C:\xampp\htdocs\crud_project\framework\base\CModel.php(287): createValidator()
#6 C:\xampp\htdocs\crud_project\framework\base\CModel.php(260): RouterMaster->createValidators()
#7 C:\xampp\htdocs\crud_project\framework\base\CModel.php(304): RouterMaster->getValidators()
#8 C:\xampp\htdocs\crud_project\framework\web\helpers\CHtml.php(1534): RouterMaster->isAttributeRequired()
#9 C:\xampp\htdocs\crud_project\framework\web\widgets\CActiveForm.php(601): activeLabelEx()
#10 C:\xampp\htdocs\crud_project\protected\views\routerMaster\_form.php(25): CActiveForm->labelEx()
#11 C:\xampp\htdocs\crud_project\framework\web\CBaseController.php(126): require()
#12 C:\xampp\htdocs\crud_project\framework\web\CBaseController.php(95): RouterMasterController->renderInternal()
#13 C:\xampp\htdocs\crud_project\framework\web\CController.php(872): RouterMasterController->renderFile()
#14 C:\xampp\htdocs\crud_project\protected\views\routerMaster\create.php(18): RouterMasterController->renderPartial()
#15 C:\xampp\htdocs\crud_project\framework\web\CBaseController.php(126): require()
#16 C:\xampp\htdocs\crud_project\framework\web\CBaseController.php(95): RouterMasterController->renderInternal()
#17 C:\xampp\htdocs\crud_project\framework\web\CController.php(872): RouterMasterController->renderFile()
#18 C:\xampp\htdocs\crud_project\framework\web\CController.php(785): RouterMasterController->renderPartial()
#19 C:\xampp\htdocs\crud_project\protected\controllers\RouterMasterController.php(83): RouterMasterController->render()
#20 C:\xampp\htdocs\crud_project\framework\web\actions\CInlineAction.php(49): RouterMasterController->actionCreate()
#21 C:\xampp\htdocs\crud_project\framework\web\CController.php(308): CInlineAction->runWithParams()
#22 C:\xampp\htdocs\crud_project\framework\web\filters\CFilterChain.php(134): RouterMasterController->runAction()
#23 C:\xampp\htdocs\crud_project\framework\web\filters\CFilter.php(40): CFilterChain->run()
#24 C:\xampp\htdocs\crud_project\framework\web\CController.php(1148): CAccessControlFilter->filter()
#25 C:\xampp\htdocs\crud_project\framework\web\filters\CInlineFilter.php(58): RouterMasterController->filterAccessControl()
#26 C:\xampp\htdocs\crud_project\framework\web\filters\CFilterChain.php(131): CInlineFilter->filter()
#27 C:\xampp\htdocs\crud_project\framework\web\CController.php(291): CFilterChain->run()
#28 C:\xampp\htdocs\crud_project\framework\web\CController.php(265): RouterMasterController->runActionWithFilters()
#29 C:\xampp\htdocs\crud_project\framework\web\CWebApplication.php(282): RouterMasterController->run()
#30 C:\xampp\htdocs\crud_project\framework\web\CWebApplication.php(141): CWebApplication->runController()
#31 C:\xampp\htdocs\crud_project\framework\base\CApplication.php(185): CWebApplication->processRequest()
#32 C:\xampp\htdocs\crud_project\index.php(13): CWebApplication->run()
REQUEST_URI=/crud_project/index.php?r=routerMaster/create
in C:\xampp\htdocs\crud_project\protected\views\routerMaster\_form.php (25)
in C:\xampp\htdocs\crud_project\protected\views\routerMaster\create.php (18)
in C:\xampp\htdocs\crud_project\protected\controllers\RouterMasterController.php (83)
2022/01/18 16:21:29 [error] [exception.CHttpException.404] CHttpException: Unable to resolve the request "routerMasterController/create". in C:\xampp\htdocs\crud_project\framework\web\CWebApplication.php:286
Stack trace:
#0 C:\xampp\htdocs\crud_project\framework\web\CWebApplication.php(141): CWebApplication->runController('routerMasterCon...')
#1 C:\xampp\htdocs\crud_project\framework\base\CApplication.php(185): CWebApplication->processRequest()
#2 C:\xampp\htdocs\crud_project\index.php(13): CApplication->run()
#3 {main}
REQUEST_URI=/crud_project/index.php?r=routerMasterController/create
HTTP_REFERER=http://localhost/crud_project/index.php?r=routerMaster/create
---
2022/01/18 16:21:56 [error] [exception.CHttpException.404] CHttpException: Unable to resolve the request "routerMasterController/create". in C:\xampp\htdocs\crud_project\framework\web\CWebApplication.php:286
Stack trace:
#0 C:\xampp\htdocs\crud_project\framework\web\CWebApplication.php(141): CWebApplication->runController('routerMasterCon...')
#1 C:\xampp\htdocs\crud_project\framework\base\CApplication.php(185): CWebApplication->processRequest()
#2 C:\xampp\htdocs\crud_project\index.php(13): CApplication->run()
#3 {main}
REQUEST_URI=/crud_project/index.php?r=routerMasterController/create
HTTP_REFERER=http://localhost/crud_project/index.php?r=routerMaster/create
---
2022/01/18 18:11:56 [error] [exception.Error] Error: Access to undeclared static property: Yii::$app in C:\xampp\htdocs\crud_project\protected\controllers\RouterMasterController.php:72
Stack trace:
#0 C:\xampp\htdocs\crud_project\framework\web\actions\CInlineAction.php(49): RouterMasterController->actionCreate()
#1 C:\xampp\htdocs\crud_project\framework\web\CController.php(308): CInlineAction->runWithParams(Array)
#2 C:\xampp\htdocs\crud_project\framework\web\filters\CFilterChain.php(134): CController->runAction(Object(CInlineAction))
#3 C:\xampp\htdocs\crud_project\framework\web\filters\CFilter.php(40): CFilterChain->run()
#4 C:\xampp\htdocs\crud_project\framework\web\CController.php(1148): CFilter->filter(Object(CFilterChain))
#5 C:\xampp\htdocs\crud_project\framework\web\filters\CInlineFilter.php(58): CController->filterAccessControl(Object(CFilterChain))
#6 C:\xampp\htdocs\crud_project\framework\web\filters\CFilterChain.php(131): CInlineFilter->filter(Object(CFilterChain))
#7 C:\xampp\htdocs\crud_project\framework\web\CController.php(291): CFilterChain->run()
#8 C:\xampp\htdocs\crud_project\framework\web\CController.php(265): CController->runActionWithFilters(Object(CInlineAction), Array)
#9 C:\xampp\htdocs\crud_project\framework\web\CWebApplication.php(282): CController->run('create')
#10 C:\xampp\htdocs\crud_project\framework\web\CWebApplication.php(141): CWebApplication->runController('routerMaster/cr...')
#11 C:\xampp\htdocs\crud_project\framework\base\CApplication.php(185): CWebApplication->processRequest()
#12 C:\xampp\htdocs\crud_project\index.php(13): CApplication->run()
#13 {main}
REQUEST_URI=/crud_project/index.php?r=routerMaster/create
HTTP_REFERER=http://localhost/crud_project/index.php?r=routerMaster/create
---
2022/01/18 18:19:35 [error] [exception.CException] CException: Property "CHttpRequest.isAjax" is not defined. in C:\xampp\htdocs\crud_project\framework\base\CComponent.php:130
Stack trace:
#0 C:\xampp\htdocs\crud_project\protected\controllers\RouterMasterController.php(72): CComponent->__get('isAjax')
#1 C:\xampp\htdocs\crud_project\framework\web\actions\CInlineAction.php(49): RouterMasterController->actionCreate()
#2 C:\xampp\htdocs\crud_project\framework\web\CController.php(308): CInlineAction->runWithParams(Array)
#3 C:\xampp\htdocs\crud_project\framework\web\filters\CFilterChain.php(134): CController->runAction(Object(CInlineAction))
#4 C:\xampp\htdocs\crud_project\framework\web\filters\CFilter.php(40): CFilterChain->run()
#5 C:\xampp\htdocs\crud_project\framework\web\CController.php(1148): CFilter->filter(Object(CFilterChain))
#6 C:\xampp\htdocs\crud_project\framework\web\filters\CInlineFilter.php(58): CController->filterAccessControl(Object(CFilterChain))
#7 C:\xampp\htdocs\crud_project\framework\web\filters\CFilterChain.php(131): CInlineFilter->filter(Object(CFilterChain))
#8 C:\xampp\htdocs\crud_project\framework\web\CController.php(291): CFilterChain->run()
#9 C:\xampp\htdocs\crud_project\framework\web\CController.php(265): CController->runActionWithFilters(Object(CInlineAction), Array)
#10 C:\xampp\htdocs\crud_project\framework\web\CWebApplication.php(282): CController->run('create')
#11 C:\xampp\htdocs\crud_project\framework\web\CWebApplication.php(141): CWebApplication->runController('routerMaster/cr...')
#12 C:\xampp\htdocs\crud_project\framework\base\CApplication.php(185): CWebApplication->processRequest()
#13 C:\xampp\htdocs\crud_project\index.php(13): CApplication->run()
#14 {main}
REQUEST_URI=/crud_project/index.php?r=routerMaster/create
HTTP_REFERER=http://localhost/crud_project/index.php?r=routerMaster/create
---
2022/01/18 18:36:34 [error] [exception.ParseError] ParseError: syntax error, unexpected '?>' in C:\xampp\htdocs\crud_project\protected\views\routerMaster\_form.php:43
Stack trace:
#0 C:\xampp\htdocs\crud_project\framework\web\CBaseController.php(95): CBaseController->renderInternal('C:\\xampp\\htdocs...', Array, true)
#1 C:\xampp\htdocs\crud_project\framework\web\CController.php(872): CBaseController->renderFile('C:\\xampp\\htdocs...', Array, true)
#2 C:\xampp\htdocs\crud_project\protected\views\routerMaster\create.php(18): CController->renderPartial('_form', Array)
#3 C:\xampp\htdocs\crud_project\framework\web\CBaseController.php(126): require('C:\\xampp\\htdocs...')
#4 C:\xampp\htdocs\crud_project\framework\web\CBaseController.php(95): CBaseController->renderInternal('C:\\xampp\\htdocs...', Array, true)
#5 C:\xampp\htdocs\crud_project\framework\web\CController.php(872): CBaseController->renderFile('C:\\xampp\\htdocs...', Array, true)
#6 C:\xampp\htdocs\crud_project\framework\web\CController.php(785): CController->renderPartial('create', Array, true)
#7 C:\xampp\htdocs\crud_project\protected\controllers\RouterMasterController.php(88): CController->render('create', Array)
#8 C:\xampp\htdocs\crud_project\framework\web\actions\CInlineAction.php(49): RouterMasterController->actionCreate()
#9 C:\xampp\htdocs\crud_project\framework\web\CController.php(308): CInlineAction->runWithParams(Array)
#10 C:\xampp\htdocs\crud_project\framework\web\filters\CFilterChain.php(134): CController->runAction(Object(CInlineAction))
#11 C:\xampp\htdocs\crud_project\framework\web\filters\CFilter.php(40): CFilterChain->run()
#12 C:\xampp\htdocs\crud_project\framework\web\CController.php(1148): CFilter->filter(Object(CFilterChain))
#13 C:\xampp\htdocs\crud_project\framework\web\filters\CInlineFilter.php(58): CController->filterAccessControl(Object(CFilterChain))
#14 C:\xampp\htdocs\crud_project\framework\web\filters\CFilterChain.php(131): CInlineFilter->filter(Object(CFilterChain))
#15 C:\xampp\htdocs\crud_project\framework\web\CController.php(291): CFilterChain->run()
#16 C:\xampp\htdocs\crud_project\framework\web\CController.php(265): CController->runActionWithFilters(Object(CInlineAction), Array)
#17 C:\xampp\htdocs\crud_project\framework\web\CWebApplication.php(282): CController->run('create')
#18 C:\xampp\htdocs\crud_project\framework\web\CWebApplication.php(141): CWebApplication->runController('RouterMaster/cr...')
#19 C:\xampp\htdocs\crud_project\framework\base\CApplication.php(185): CWebApplication->processRequest()
#20 C:\xampp\htdocs\crud_project\index.php(13): CApplication->run()
#21 {main}
REQUEST_URI=/crud_project/index.php?r=RouterMaster/create
HTTP_REFERER=http://localhost/crud_project/index.php?r=RouterMaster/create
---
2022/01/18 18:36:36 [error] [exception.ParseError] ParseError: syntax error, unexpected '?>' in C:\xampp\htdocs\crud_project\protected\views\routerMaster\_form.php:43
Stack trace:
#0 C:\xampp\htdocs\crud_project\framework\web\CBaseController.php(95): CBaseController->renderInternal('C:\\xampp\\htdocs...', Array, true)
#1 C:\xampp\htdocs\crud_project\framework\web\CController.php(872): CBaseController->renderFile('C:\\xampp\\htdocs...', Array, true)
#2 C:\xampp\htdocs\crud_project\protected\views\routerMaster\create.php(18): CController->renderPartial('_form', Array)
#3 C:\xampp\htdocs\crud_project\framework\web\CBaseController.php(126): require('C:\\xampp\\htdocs...')
#4 C:\xampp\htdocs\crud_project\framework\web\CBaseController.php(95): CBaseController->renderInternal('C:\\xampp\\htdocs...', Array, true)
#5 C:\xampp\htdocs\crud_project\framework\web\CController.php(872): CBaseController->renderFile('C:\\xampp\\htdocs...', Array, true)
#6 C:\xampp\htdocs\crud_project\framework\web\CController.php(785): CController->renderPartial('create', Array, true)
#7 C:\xampp\htdocs\crud_project\protected\controllers\RouterMasterController.php(88): CController->render('create', Array)
#8 C:\xampp\htdocs\crud_project\framework\web\actions\CInlineAction.php(49): RouterMasterController->actionCreate()
#9 C:\xampp\htdocs\crud_project\framework\web\CController.php(308): CInlineAction->runWithParams(Array)
#10 C:\xampp\htdocs\crud_project\framework\web\filters\CFilterChain.php(134): CController->runAction(Object(CInlineAction))
#11 C:\xampp\htdocs\crud_project\framework\web\filters\CFilter.php(40): CFilterChain->run()
#12 C:\xampp\htdocs\crud_project\framework\web\CController.php(1148): CFilter->filter(Object(CFilterChain))
#13 C:\xampp\htdocs\crud_project\framework\web\filters\CInlineFilter.php(58): CController->filterAccessControl(Object(CFilterChain))
#14 C:\xampp\htdocs\crud_project\framework\web\filters\CFilterChain.php(131): CInlineFilter->filter(Object(CFilterChain))
#15 C:\xampp\htdocs\crud_project\framework\web\CController.php(291): CFilterChain->run()
#16 C:\xampp\htdocs\crud_project\framework\web\CController.php(265): CController->runActionWithFilters(Object(CInlineAction), Array)
#17 C:\xampp\htdocs\crud_project\framework\web\CWebApplication.php(282): CController->run('create')
#18 C:\xampp\htdocs\crud_project\framework\web\CWebApplication.php(141): CWebApplication->runController('RouterMaster/cr...')
#19 C:\xampp\htdocs\crud_project\framework\base\CApplication.php(185): CWebApplication->processRequest()
#20 C:\xampp\htdocs\crud_project\index.php(13): CApplication->run()
#21 {main}
REQUEST_URI=/crud_project/index.php?r=RouterMaster/create
---
2022/01/18 18:36:48 [error] [exception.ParseError] ParseError: syntax error, unexpected '?>' in C:\xampp\htdocs\crud_project\protected\views\routerMaster\_form.php:43
Stack trace:
#0 C:\xampp\htdocs\crud_project\framework\web\CBaseController.php(95): CBaseController->renderInternal('C:\\xampp\\htdocs...', Array, true)
#1 C:\xampp\htdocs\crud_project\framework\web\CController.php(872): CBaseController->renderFile('C:\\xampp\\htdocs...', Array, true)
#2 C:\xampp\htdocs\crud_project\protected\views\routerMaster\create.php(18): CController->renderPartial('_form', Array)
#3 C:\xampp\htdocs\crud_project\framework\web\CBaseController.php(126): require('C:\\xampp\\htdocs...')
#4 C:\xampp\htdocs\crud_project\framework\web\CBaseController.php(95): CBaseController->renderInternal('C:\\xampp\\htdocs...', Array, true)
#5 C:\xampp\htdocs\crud_project\framework\web\CController.php(872): CBaseController->renderFile('C:\\xampp\\htdocs...', Array, true)
#6 C:\xampp\htdocs\crud_project\framework\web\CController.php(785): CController->renderPartial('create', Array, true)
#7 C:\xampp\htdocs\crud_project\protected\controllers\RouterMasterController.php(88): CController->render('create', Array)
#8 C:\xampp\htdocs\crud_project\framework\web\actions\CInlineAction.php(49): RouterMasterController->actionCreate()
#9 C:\xampp\htdocs\crud_project\framework\web\CController.php(308): CInlineAction->runWithParams(Array)
#10 C:\xampp\htdocs\crud_project\framework\web\filters\CFilterChain.php(134): CController->runAction(Object(CInlineAction))
#11 C:\xampp\htdocs\crud_project\framework\web\filters\CFilter.php(40): CFilterChain->run()
#12 C:\xampp\htdocs\crud_project\framework\web\CController.php(1148): CFilter->filter(Object(CFilterChain))
#13 C:\xampp\htdocs\crud_project\framework\web\filters\CInlineFilter.php(58): CController->filterAccessControl(Object(CFilterChain))
#14 C:\xampp\htdocs\crud_project\framework\web\filters\CFilterChain.php(131): CInlineFilter->filter(Object(CFilterChain))
#15 C:\xampp\htdocs\crud_project\framework\web\CController.php(291): CFilterChain->run()
#16 C:\xampp\htdocs\crud_project\framework\web\CController.php(265): CController->runActionWithFilters(Object(CInlineAction), Array)
#17 C:\xampp\htdocs\crud_project\framework\web\CWebApplication.php(282): CController->run('create')
#18 C:\xampp\htdocs\crud_project\framework\web\CWebApplication.php(141): CWebApplication->runController('RouterMaster/cr...')
#19 C:\xampp\htdocs\crud_project\framework\base\CApplication.php(185): CWebApplication->processRequest()
#20 C:\xampp\htdocs\crud_project\index.php(13): CApplication->run()
#21 {main}
REQUEST_URI=/crud_project/index.php?r=RouterMaster/create
---
2022/01/18 18:36:57 [error] [exception.ParseError] ParseError: syntax error, unexpected '?>' in C:\xampp\htdocs\crud_project\protected\views\routerMaster\_form.php:49
Stack trace:
#0 C:\xampp\htdocs\crud_project\framework\web\CBaseController.php(95): CBaseController->renderInternal('C:\\xampp\\htdocs...', Array, true)
#1 C:\xampp\htdocs\crud_project\framework\web\CController.php(872): CBaseController->renderFile('C:\\xampp\\htdocs...', Array, true)
#2 C:\xampp\htdocs\crud_project\protected\views\routerMaster\create.php(18): CController->renderPartial('_form', Array)
#3 C:\xampp\htdocs\crud_project\framework\web\CBaseController.php(126): require('C:\\xampp\\htdocs...')
#4 C:\xampp\htdocs\crud_project\framework\web\CBaseController.php(95): CBaseController->renderInternal('C:\\xampp\\htdocs...', Array, true)
#5 C:\xampp\htdocs\crud_project\framework\web\CController.php(872): CBaseController->renderFile('C:\\xampp\\htdocs...', Array, true)
#6 C:\xampp\htdocs\crud_project\framework\web\CController.php(785): CController->renderPartial('create', Array, true)
#7 C:\xampp\htdocs\crud_project\protected\controllers\RouterMasterController.php(88): CController->render('create', Array)
#8 C:\xampp\htdocs\crud_project\framework\web\actions\CInlineAction.php(49): RouterMasterController->actionCreate()
#9 C:\xampp\htdocs\crud_project\framework\web\CController.php(308): CInlineAction->runWithParams(Array)
#10 C:\xampp\htdocs\crud_project\framework\web\filters\CFilterChain.php(134): CController->runAction(Object(CInlineAction))
#11 C:\xampp\htdocs\crud_project\framework\web\filters\CFilter.php(40): CFilterChain->run()
#12 C:\xampp\htdocs\crud_project\framework\web\CController.php(1148): CFilter->filter(Object(CFilterChain))
#13 C:\xampp\htdocs\crud_project\framework\web\filters\CInlineFilter.php(58): CController->filterAccessControl(Object(CFilterChain))
#14 C:\xampp\htdocs\crud_project\framework\web\filters\CFilterChain.php(131): CInlineFilter->filter(Object(CFilterChain))
#15 C:\xampp\htdocs\crud_project\framework\web\CController.php(291): CFilterChain->run()
#16 C:\xampp\htdocs\crud_project\framework\web\CController.php(265): CController->runActionWithFilters(Object(CInlineAction), Array)
#17 C:\xampp\htdocs\crud_project\framework\web\CWebApplication.php(282): CController->run('create')
#18 C:\xampp\htdocs\crud_project\framework\web\CWebApplication.php(141): CWebApplication->runController('RouterMaster/cr...')
#19 C:\xampp\htdocs\crud_project\framework\base\CApplication.php(185): CWebApplication->processRequest()
#20 C:\xampp\htdocs\crud_project\index.php(13): CApplication->run()
#21 {main}
REQUEST_URI=/crud_project/index.php?r=RouterMaster/create
---
2022/01/18 18:50:27 [error] [exception.ArgumentCountError] ArgumentCountError: Too few arguments to function CHtml::ajaxButton(), 1 passed in C:\xampp\htdocs\crud_project\protected\views\routerMaster\_form.php on line 73 and at least 2 expected in C:\xampp\htdocs\crud_project\framework\web\helpers\CHtml.php:1334
Stack trace:
#0 C:\xampp\htdocs\crud_project\protected\views\routerMaster\_form.php(73): CHtml::ajaxButton('Create')
#1 C:\xampp\htdocs\crud_project\framework\web\CBaseController.php(126): require('C:\\xampp\\htdocs...')
#2 C:\xampp\htdocs\crud_project\framework\web\CBaseController.php(95): CBaseController->renderInternal('C:\\xampp\\htdocs...', Array, true)
#3 C:\xampp\htdocs\crud_project\framework\web\CController.php(872): CBaseController->renderFile('C:\\xampp\\htdocs...', Array, true)
#4 C:\xampp\htdocs\crud_project\protected\views\routerMaster\create.php(18): CController->renderPartial('_form', Array)
#5 C:\xampp\htdocs\crud_project\framework\web\CBaseController.php(126): require('C:\\xampp\\htdocs...')
#6 C:\xampp\htdocs\crud_project\framework\web\CBaseController.php(95): CBaseController->renderInternal('C:\\xampp\\htdocs...', Array, true)
#7 C:\xampp\htdocs\crud_project\framework\web\CController.php(872): CBaseController->renderFile('C:\\xampp\\htdocs...', Array, true)
#8 C:\xampp\htdocs\crud_project\framework\web\CController.php(785): CController->renderPartial('create', Array, true)
#9 C:\xampp\htdocs\crud_project\protected\controllers\RouterMasterController.php(88): CController->render('create', Array)
#10 C:\xampp\htdocs\crud_project\framework\web\actions\CInlineAction.php(49): RouterMasterController->actionCreate()
#11 C:\xampp\htdocs\crud_project\framework\web\CController.php(308): CInlineAction->runWithParams(Array)
#12 C:\xampp\htdocs\crud_project\framework\web\filters\CFilterChain.php(134): CController->runAction(Object(CInlineAction))
#13 C:\xampp\htdocs\crud_project\framework\web\filters\CFilter.php(40): CFilterChain->run()
#14 C:\xampp\htdocs\crud_project\framework\web\CController.php(1148): CFilter->filter(Object(CFilterChain))
#15 C:\xampp\htdocs\crud_project\framework\web\filters\CInlineFilter.php(58): CController->filterAccessControl(Object(CFilterChain))
#16 C:\xampp\htdocs\crud_project\framework\web\filters\CFilterChain.php(131): CInlineFilter->filter(Object(CFilterChain))
#17 C:\xampp\htdocs\crud_project\framework\web\CController.php(291): CFilterChain->run()
#18 C:\xampp\htdocs\crud_project\framework\web\CController.php(265): CController->runActionWithFilters(Object(CInlineAction), Array)
#19 C:\xampp\htdocs\crud_project\framework\web\CWebApplication.php(282): CController->run('create')
#20 C:\xampp\htdocs\crud_project\framework\web\CWebApplication.php(141): CWebApplication->runController('RouterMaster/cr...')
#21 C:\xampp\htdocs\crud_project\framework\base\CApplication.php(185): CWebApplication->processRequest()
#22 C:\xampp\htdocs\crud_project\index.php(13): CApplication->run()
#23 {main}
REQUEST_URI=/crud_project/index.php?r=RouterMaster/create
---
2022/01/18 18:52:14 [error] [exception.CHttpException.404] CHttpException: Unable to resolve the request "entredas/valorar". in C:\xampp\htdocs\crud_project\framework\web\CWebApplication.php:286
Stack trace:
#0 C:\xampp\htdocs\crud_project\framework\web\CWebApplication.php(141): CWebApplication->runController('entredas/valora...')
#1 C:\xampp\htdocs\crud_project\framework\base\CApplication.php(185): CWebApplication->processRequest()
#2 C:\xampp\htdocs\crud_project\index.php(13): CApplication->run()
#3 {main}
REQUEST_URI=/crud_project/index.php?r=entredas/valorar&id=&_=1642528332960
HTTP_REFERER=http://localhost/crud_project/index.php?r=RouterMaster/create
---
2022/01/18 19:30:07 [warning] [application] Failed to set unsafe attribute "ajax" of "RouterMaster".
in C:\xampp\htdocs\crud_project\protected\controllers\RouterMasterController.php (78)
in C:\xampp\htdocs\crud_project\index.php (13)
2022/01/18 19:31:06 [warning] [application] Failed to set unsafe attribute "ajax" of "RouterMaster".
in C:\xampp\htdocs\crud_project\protected\controllers\RouterMasterController.php (78)
in C:\xampp\htdocs\crud_project\index.php (13)
2022/01/18 19:31:34 [warning] [application] Failed to set unsafe attribute "ajax" of "RouterMaster".
in C:\xampp\htdocs\crud_project\protected\controllers\RouterMasterController.php (78)
in C:\xampp\htdocs\crud_project\index.php (13)
2022/01/18 19:31:40 [warning] [application] Failed to set unsafe attribute "ajax" of "RouterMaster".
in C:\xampp\htdocs\crud_project\protected\controllers\RouterMasterController.php (78)
in C:\xampp\htdocs\crud_project\index.php (13)
2022/01/18 19:31:58 [warning] [application] Failed to set unsafe attribute "ajax" of "RouterMaster".
in C:\xampp\htdocs\crud_project\protected\controllers\RouterMasterController.php (78)
in C:\xampp\htdocs\crud_project\index.php (13)
2022/01/18 19:32:01 [warning] [application] Failed to set unsafe attribute "ajax" of "RouterMaster".
in C:\xampp\htdocs\crud_project\protected\controllers\RouterMasterController.php (78)
in C:\xampp\htdocs\crud_project\index.php (13)
2022/01/18 19:32:12 [warning] [application] Failed to set unsafe attribute "ajax" of "RouterMaster".
in C:\xampp\htdocs\crud_project\protected\controllers\RouterMasterController.php (78)
in C:\xampp\htdocs\crud_project\index.php (13)
2022/01/18 19:32:16 [warning] [application] Failed to set unsafe attribute "ajax" of "RouterMaster".
in C:\xampp\htdocs\crud_project\protected\controllers\RouterMasterController.php (78)
in C:\xampp\htdocs\crud_project\index.php (13)
2022/01/18 19:33:02 [warning] [application] Failed to set unsafe attribute "ajax" of "RouterMaster".
in C:\xampp\htdocs\crud_project\protected\controllers\RouterMasterController.php (78)
in C:\xampp\htdocs\crud_project\index.php (13)
2022/01/19 17:59:13 [error] [exception.CException] CException: Alias "ext.maskedInput.MaskedInput" is invalid. Make sure it points to an existing PHP file and the file is readable. in C:\xampp\htdocs\crud_project\framework\YiiBase.php:330
Stack trace:
#0 C:\xampp\htdocs\crud_project\framework\web\CWidgetFactory.php(146): YiiBase::import('ext.maskedInput...', true)
#1 C:\xampp\htdocs\crud_project\framework\web\CBaseController.php(146): CWidgetFactory->createWidget(Object(RouterMasterController), 'ext.maskedInput...', Array)
#2 C:\xampp\htdocs\crud_project\framework\web\CBaseController.php(181): CBaseController->createWidget('ext.maskedInput...', Array)
#3 C:\xampp\htdocs\crud_project\protected\views\routerMaster\_form.php(59): CBaseController->widget('ext.maskedInput...', Array)
#4 C:\xampp\htdocs\crud_project\framework\web\CBaseController.php(126): require('C:\\xampp\\htdocs...')
#5 C:\xampp\htdocs\crud_project\framework\web\CBaseController.php(95): CBaseController->renderInternal('C:\\xampp\\htdocs...', Array, true)
#6 C:\xampp\htdocs\crud_project\framework\web\CController.php(872): CBaseController->renderFile('C:\\xampp\\htdocs...', Array, true)
#7 C:\xampp\htdocs\crud_project\protected\views\routerMaster\create.php(18): CController->renderPartial('_form', Array)
#8 C:\xampp\htdocs\crud_project\framework\web\CBaseController.php(126): require('C:\\xampp\\htdocs...')
#9 C:\xampp\htdocs\crud_project\framework\web\CBaseController.php(95): CBaseController->renderInternal('C:\\xampp\\htdocs...', Array, true)
#10 C:\xampp\htdocs\crud_project\framework\web\CController.php(872): CBaseController->renderFile('C:\\xampp\\htdocs...', Array, true)
#11 C:\xampp\htdocs\crud_project\framework\web\CController.php(785): CController->renderPartial('create', Array, true)
#12 C:\xampp\htdocs\crud_project\protected\controllers\RouterMasterController.php(88): CController->render('create', Array)
#13 C:\xampp\htdocs\crud_project\framework\web\actions\CInlineAction.php(49): RouterMasterController->actionCreate()
#14 C:\xampp\htdocs\crud_project\framework\web\CController.php(308): CInlineAction->runWithParams(Array)
#15 C:\xampp\htdocs\crud_project\framework\web\filters\CFilterChain.php(134): CController->runAction(Object(CInlineAction))
#16 C:\xampp\htdocs\crud_project\framework\web\filters\CFilter.php(40): CFilterChain->run()
#17 C:\xampp\htdocs\crud_project\framework\web\CController.php(1148): CFilter->filter(Object(CFilterChain))
#18 C:\xampp\htdocs\crud_project\framework\web\filters\CInlineFilter.php(58): CController->filterAccessControl(Object(CFilterChain))
#19 C:\xampp\htdocs\crud_project\framework\web\filters\CFilterChain.php(131): CInlineFilter->filter(Object(CFilterChain))
#20 C:\xampp\htdocs\crud_project\framework\web\CController.php(291): CFilterChain->run()
#21 C:\xampp\htdocs\crud_project\framework\web\CController.php(265): CController->runActionWithFilters(Object(CInlineAction), Array)
#22 C:\xampp\htdocs\crud_project\framework\web\CWebApplication.php(282): CController->run('create')
#23 C:\xampp\htdocs\crud_project\framework\web\CWebApplication.php(141): CWebApplication->runController('routerMaster/cr...')
#24 C:\xampp\htdocs\crud_project\framework\base\CApplication.php(185): CWebApplication->processRequest()
#25 C:\xampp\htdocs\crud_project\index.php(13): CApplication->run()
#26 {main}
REQUEST_URI=/crud_project/index.php?r=routerMaster/create
HTTP_REFERER=http://localhost/crud_project/index.php?r=routerMaster/admin
---
2022/01/19 18:03:12 [error] [php] Undefined variable: model (C:\xampp\htdocs\crud_project\protected\views\routerMaster\_view.php:23)
Stack trace:
#0 C:\xampp\htdocs\crud_project\framework\web\CBaseController.php(130): require()
#1 C:\xampp\htdocs\crud_project\framework\web\CBaseController.php(95): RouterMasterController->renderInternal()
#2 C:\xampp\htdocs\crud_project\framework\zii\widgets\CListView.php(291): RouterMasterController->renderFile()
#3 C:\xampp\htdocs\crud_project\framework\zii\widgets\CBaseListView.php(181): CListView->renderItems()
#4 unknown(0): CListView->renderSection()
#5 C:\xampp\htdocs\crud_project\framework\zii\widgets\CBaseListView.php(164): preg_replace_callback()
#6 C:\xampp\htdocs\crud_project\framework\zii\widgets\CBaseListView.php(149): CListView->renderContent()
#7 C:\xampp\htdocs\crud_project\framework\web\CBaseController.php(182): CListView->run()
#8 C:\xampp\htdocs\crud_project\protected\views\routerMaster\index.php(19): RouterMasterController->widget()
#9 C:\xampp\htdocs\crud_project\framework\web\CBaseController.php(126): require()
#10 C:\xampp\htdocs\crud_project\framework\web\CBaseController.php(95): RouterMasterController->renderInternal()
#11 C:\xampp\htdocs\crud_project\framework\web\CController.php(872): RouterMasterController->renderFile()
#12 C:\xampp\htdocs\crud_project\framework\web\CController.php(785): RouterMasterController->renderPartial()
#13 C:\xampp\htdocs\crud_project\protected\controllers\RouterMasterController.php(140): RouterMasterController->render()
#14 C:\xampp\htdocs\crud_project\framework\web\actions\CInlineAction.php(49): RouterMasterController->actionIndex()
#15 C:\xampp\htdocs\crud_project\framework\web\CController.php(308): CInlineAction->runWithParams()
#16 C:\xampp\htdocs\crud_project\framework\web\filters\CFilterChain.php(134): RouterMasterController->runAction()
#17 C:\xampp\htdocs\crud_project\framework\web\filters\CFilter.php(40): CFilterChain->run()
#18 C:\xampp\htdocs\crud_project\framework\web\CController.php(1148): CAccessControlFilter->filter()
#19 C:\xampp\htdocs\crud_project\framework\web\filters\CInlineFilter.php(58): RouterMasterController->filterAccessControl()
#20 C:\xampp\htdocs\crud_project\framework\web\filters\CFilterChain.php(131): CInlineFilter->filter()
#21 C:\xampp\htdocs\crud_project\framework\web\CController.php(291): CFilterChain->run()
#22 C:\xampp\htdocs\crud_project\framework\web\CController.php(265): RouterMasterController->runActionWithFilters()
#23 C:\xampp\htdocs\crud_project\framework\web\CWebApplication.php(282): RouterMasterController->run()
#24 C:\xampp\htdocs\crud_project\framework\web\CWebApplication.php(141): CWebApplication->runController()
#25 C:\xampp\htdocs\crud_project\framework\base\CApplication.php(185): CWebApplication->processRequest()
#26 C:\xampp\htdocs\crud_project\index.php(13): CWebApplication->run()
REQUEST_URI=/crud_project/index.php?r=routerMaster/index
in C:\xampp\htdocs\crud_project\protected\views\routerMaster\_view.php (23)
in C:\xampp\htdocs\crud_project\protected\views\routerMaster\index.php (19)
in C:\xampp\htdocs\crud_project\protected\controllers\RouterMasterController.php (140)
